E:\EE3420\LAB1A.lst - generated by MGTEK Assembler ASM12 V1.26 Build 144 for WIN32 (x86) - Tue Sep 18 15:46:36 2012

    1:                                 #include "EE3420.INC"
EE3420.INC(1): Note A5001: col(6) "EE3420.INC REVISION 10/15/2010"
    1:                                 #MSG "EE3420.INC REVISION 10/15/2010"
EE3420.INC(2): Note A5001: col(6) "COPYRIGHT 2010 WILLIAM STAPLETON"
    2:                                 #MSG "COPYRIGHT 2010 WILLIAM STAPLETON"
EE3420.INC(3): Note A5001: col(6) "THIS FILE MAY BE FREELY DISTRIBUTED AS LONG AS IT REMAINS UNCHANGED AND FULLY CREDITED."
    3:                                 #MSG "THIS FILE MAY BE FREELY DISTRIBUTED AS LONG AS IT REMAINS UNCHANGED AND FULLY CREDITED."
EE3420.INC(4): Note A5001: col(6) "THIS LIBRARY IS INTENDED FOR USE WITH THE ASM12 ASSEMBLER PROVIDED AS PART OF"
    4:                                 #MSG "THIS LIBRARY IS INTENDED FOR USE WITH THE ASM12 ASSEMBLER PROVIDED AS PART OF"
EE3420.INC(5): Note A5001: col(6) "THE MINIIDE PROGRAM AVAILABLE FROM HTTP://WWW.MGTEK.COM/MINIIDE"
    5:                                 #MSG "THE MINIIDE PROGRAM AVAILABLE FROM HTTP://WWW.MGTEK.COM/MINIIDE"
EE3420.INC(6): Note A5001: col(6) "CONDITIONAL ASSEMBLY AND MACROS MAY NOT FUNCTION IN THE CORRECT MANNER WITH OTHER ASSEMBLERS."
    6:                                 #MSG "CONDITIONAL ASSEMBLY AND MACROS MAY NOT FUNCTION IN THE CORRECT MANNER WITH OTHER ASSEMBLERS."
    7:                                 
    8:                                 #INCLUDE CONSTANTS.INC                  ;USEFUL GLOBAL CONSTANTS
    1:                                 #IFNDEF CONSTANTS_INC
    2:          =00000001              CONSTANTS_INC   EQU 1
CONSTANTS.INC(3): Note A5001: col(6) "CONSTANTS.INC REVISION 08/20/2010"
    3:                                 #MSG "CONSTANTS.INC REVISION 08/20/2010"
CONSTANTS.INC(4): Note A5001: col(6) "COPYRIGHT 2010 WILLIAM STAPLETON"
    4:                                 #MSG "COPYRIGHT 2010 WILLIAM STAPLETON"
CONSTANTS.INC(5): Note A5001: col(6) "THIS FILE MAY BE FREELY DISTRIBUTED AS LONG AS IT REMAINS UNCHANGED AND FULLY CREDITED."
    5:                                 #MSG "THIS FILE MAY BE FREELY DISTRIBUTED AS LONG AS IT REMAINS UNCHANGED AND FULLY CREDITED."
    6:                                 
    7:                                 ;COMMENT OUT THE FOLLOWING LINE TO INCLUDE THE FULL FILE IN THE LISTING
   62:                                 
   63:                                 #ENDIF  
    9:                                 #INCLUDE SYSTEM_SELECT.INC              ;BOARD-SPECIFIC OPTIONS
    1:                                 #IFNDEF SYSTEM_SELECT
    2:          =00000001              SYSTEM_SELECT EQU 1
SYSTEM_SELECT.INC(3): Note A5001: col(6) "SYSTEM_SELECT.INC REVISION 08/06/2010"
    3:                                 #MSG "SYSTEM_SELECT.INC REVISION 08/06/2010"
SYSTEM_SELECT.INC(4): Note A5001: col(6) "COPYRIGHT 2010 WILLIAM STAPLETON"
    4:                                 #MSG "COPYRIGHT 2010 WILLIAM STAPLETON"
SYSTEM_SELECT.INC(5): Note A5001: col(6) "THIS FILE MAY BE FREELY DISTRIBUTED AS LONG AS IT REMAINS UNCHANGED AND FULLY CREDITED."
    5:                                 #MSG "THIS FILE MAY BE FREELY DISTRIBUTED AS LONG AS IT REMAINS UNCHANGED AND FULLY CREDITED."
    6:                                 
    7:                                 #INCLUDE CONSTANTS.INC
    1:                                 #IFNDEF CONSTANTS_INC
   63:                                 #ENDIF  
    8:                                 
    9:                                 ;COMMENT OUT THE FOLLOWING LINE TO INCLUDE THE FULL FILE IN THE LISTING
SYSTEM_SELECT.INC(32): Note A5001: col(6) "NO SYSTEM BOARD SPECIFIED. ASSUMING DRAGON12-PLUS."
SYSTEM_SELECT.INC(33): Note A5001: col(6) "PLEASE NOTE THAT SOME FUNCTIONS SUCH AS SYSTEM SPEED VARY BY SYSTEM BOARD."
SYSTEM_SELECT.INC(34): Note A5001: col(6) "ALSO, PORT AND PERIPHERAL AVAILABILITY VARIES BY SYSTEM BOARD."
  462:                                 
  463:                                 #ENDIF ;SYSTEM_SELECT
   10:                                 #INCLUDE MC9S12_REGISTERS.INC           ;DEFINITIONS OF ALL SYSTEM MEMORY LOCATIONS AND CONSTANTS
    1:                                 #IFNDEF MC9S12REGS
    2:          =00000001              MC9S12REGS      EQU 1
MC9S12_REGISTERS.INC(3): Note A5001: col(6) "MC9S12_REGISTERS.INC REVISION 08/06/2010"
    3:                                 #MSG "MC9S12_REGISTERS.INC REVISION 08/06/2010"
MC9S12_REGISTERS.INC(4): Note A5001: col(6) "COPYRIGHT 2010 WILLIAM STAPLETON"
    4:                                 #MSG "COPYRIGHT 2010 WILLIAM STAPLETON"
MC9S12_REGISTERS.INC(5): Note A5001: col(6) "THIS FILE MAY BE FREELY DISTRIBUTED AS LONG AS IT REMAINS UNCHANGED AND FULLY CREDITED."
    5:                                 #MSG "THIS FILE MAY BE FREELY DISTRIBUTED AS LONG AS IT REMAINS UNCHANGED AND FULLY CREDITED."
    6:                                 
    7:                                 #INCLUDE SYSTEM_SELECT.INC
    1:                                 #IFNDEF SYSTEM_SELECT
  463:                                 #ENDIF ;SYSTEM_SELECT
    8:                                 #INCLUDE CONSTANTS.INC
    1:                                 #IFNDEF CONSTANTS_INC
   63:                                 #ENDIF  
    9:                                 
   10:                                 ;COMMENT OUT THE FOLLOWING LINE TO INCLUDE THE FULL FILE IN THE LISTING
 1489:                                 
 1490:                                 ;* end registers
 1491:                                 #ENDIF  ;MC9S12REGS
   11:                                 #INCLUDE ASCII.INC                      ;DEFINITIONS OF ALL ASCII CONTROL CODES
    1:                                 #IFNDEF ASCII_INC       ;using definition to prevent duplication of equates
    2:          =00000001              ASCII_INC EQU 1
ASCII.INC(3): Note A5001: col(6) "ASCII.INC REVISION 08/06/2010"
    3:                                 #MSG "ASCII.INC REVISION 08/06/2010"
ASCII.INC(4): Note A5001: col(6) "COPYRIGHT 2010 WILLIAM STAPLETON"
    4:                                 #MSG "COPYRIGHT 2010 WILLIAM STAPLETON"
ASCII.INC(5): Note A5001: col(6) "THIS FILE MAY BE FREELY DISTRIBUTED AS LONG AS IT REMAINS UNCHANGED AND FULLY CREDITED."
    5:                                 #MSG "THIS FILE MAY BE FREELY DISTRIBUTED AS LONG AS IT REMAINS UNCHANGED AND FULLY CREDITED."
    6:                                 
    7:                                 ;COMMENT OUT THE FOLLOWING LINE TO INCLUDE THE FULL FILE IN THE LISTING
  183:                                 
  184:                                 #ENDIF          ;#IFNDEF ASCII_INC
   12:                                 #INCLUDE MUSIC_NOTES.INC
    1:                                 #IFNDEF MUSIC_NOTES_INC
    2:          =00000001              MUSIC_NOTES_INC EQU 1
MUSIC_NOTES.INC(3): Note A5001: col(6) "MUSIC_NOTES.INC REVISION 08/06/2010"
    3:                                 #MSG "MUSIC_NOTES.INC REVISION 08/06/2010"
MUSIC_NOTES.INC(4): Note A5001: col(6) "COPYRIGHT 2010 WILLIAM STAPLETON"
    4:                                 #MSG "COPYRIGHT 2010 WILLIAM STAPLETON"
MUSIC_NOTES.INC(5): Note A5001: col(6) "THIS FILE MAY BE FREELY DISTRIBUTED AS LONG AS IT REMAINS UNCHANGED AND FULLY CREDITED."
    5:                                 #MSG "THIS FILE MAY BE FREELY DISTRIBUTED AS LONG AS IT REMAINS UNCHANGED AND FULLY CREDITED."
    6:                                 
    7:                                 ;COMMENT OUT THE FOLLOWING LINE TO INCLUDE THE FULL FILE IN THE LISTING
  265:                                 
  266:                                 #ENDIF  ;;;#IFNDEF MUSIC_NOTES_INC
  267:                                 
   13:                                 #INCLUDE VT100.INC
    1:                                 #IFNDEF VT100_INC
    2:          =00000001              VT100_INC       EQU 1
VT100.INC(3): Note A5001: col(6) "VT100.INC REVISION 09/15/2010"
    3:                                 #MSG "VT100.INC REVISION 09/15/2010"
VT100.INC(4): Note A5001: col(6) "COPYRIGHT 2010 WILLIAM STAPLETON"
    4:                                 #MSG "COPYRIGHT 2010 WILLIAM STAPLETON"
VT100.INC(5): Note A5001: col(6) "THIS FILE MAY BE FREELY DISTRIBUTED AS LONG AS IT REMAINS UNCHANGED AND FULLY CREDITED."
    5:                                 #MSG "THIS FILE MAY BE FREELY DISTRIBUTED AS LONG AS IT REMAINS UNCHANGED AND FULLY CREDITED."
    6:                                 
    7:                                 #INCLUDE ASCII.INC
    1:                                 #IFNDEF ASCII_INC       ;using definition to prevent duplication of equates
  184:                                 #ENDIF          ;#IFNDEF ASCII_INC
    8:                                 
    9:                                 ;COMMENT OUT THE FOLLOWING LINE TO INCLUDE THE FULL FILE IN THE LISTING
   10:                                 ;       NOLIST
   11:                                 
   12:                                 VT100_MAKE_VARIABLES MACRO
   13:                                 #IFNDEF VT100_VARS
   14:                                 VT100_VARS EQU 1
   15:                                         JMP NEXT\@
   16:                                 #ENDIF
   17:                                 #IFNDEF VT100_PREFIX
   18:                                 VT100_PREFIX    DC.B ESC,'[',NULL
   19:                                 #ENDIF
   20:                                 #IFNDEF VT100_ATTRIBUTE_STRING
   21:                                 VT100_ATTRIBUTE_STRING DC.B '00000',NULL
   22:                                 #ENDIF
   23:                                 NEXT\@:
   24:                                         ENDM
   25:                                 
   26:                                 VT100_CLEAR_SCREEN MACRO
   27:                                         VT100_MAKE_VARIABLES
   28:                                         PUTS #VT100_PREFIX      
   29:                                         ITOA #2,#VT100_ATTRIBUTE_STRING
   30:                                         PUTS #VT100_ATTRIBUTE_STRING
   31:                                         PUTC #'J'
   32:                                         ENDM
   33:                                 
   34:                                 VT100_HOME MACRO        
   35:                                         VT100_MAKE_VARIABLES
   36:                                         PUTS #VT100_PREFIX      
   37:                                         PUTC #'H'
   38:                                         ENDM
   39:                                 
   40:                                 VT100_CURSOR MACRO ;ROW.COLUMN
   41:                                 #IF \# >=2
   42:                                         VT100_MAKE_VARIABLES
   43:                                         PUTS #VT100_PREFIX      
   44:                                         ITOA \1,#VT100_ATTRIBUTE_STRING
   45:                                         PUTS #VT100_ATTRIBUTE_STRING
   46:                                         PUTC #$3B
   47:                                         ITOA \2,#VT100_ATTRIBUTE_STRING
   48:                                         PUTS #VT100_ATTRIBUTE_STRING
   49:                                         PUTC #'H'
   50:                                 #ENDIF
   51:                                 #IF \# != 2
   52:                                 #MSG "MACRO VT100_CURSOR REQUIRES EXACTLY 2 PARAMETERS WHICH RESOLVE INTO NUMBERS FOR CURSOR ROW AND COLUMN"
   53:                                 #MSG "BOTH ROW AND COLUMN NUMBER BEGIN WITH 1 FOR THE TOP-LEFT CORNER"
   54:                                 #ENDIF
   55:                                         ENDM
   56:                                 
   57:                                 VT100_SAVE_CURSOR MACRO
   58:                                         VT100_MAKE_VARIABLES
   59:                                         PUTS #VT100_PREFIX      
   60:                                         PUTC #'s'
   61:                                         ENDM
   62:                                 
   63:                                 VT100_RESTORE_CURSOR MACRO
   64:                                         VT100_MAKE_VARIABLES
   65:                                         PUTS #VT100_PREFIX      
   66:                                         PUTC #'u'
   67:                                         ENDM
   68:                                 
   69:                                 VT100_UP MACRO ;COUNT
   70:                                         VT100_MAKE_VARIABLES
   71:                                         PUTS #VT100_PREFIX
   72:                                 #IF \# >= 1     
   73:                                         ITOA \1,#VT100_ATTRIBUTE_STRING
   74:                                         PUTS #VT100_ATTRIBUTE_STRING
   75:                                 #ENDIF
   76:                                         PUTC #'A'
   77:                                 #IF \# >= 2
   78:                                 #MSG "MACRO VT100_UP REQUIRES AT MOST 1 PARAMETER WHICH RESOLVE INTO THE NUMBERS OF ROWS TO MOVE"
   79:                                 #MSG "IF NO PARAMETER IS SPECIFIED, THE DEFAULT IS USED (TYPICALLY 1 ROW)"
   80:                                 #ENDIF
   81:                                         ENDM
   82:                                 
   83:                                 VT100_DOWN MACRO ;COUNT
   84:                                         VT100_MAKE_VARIABLES
   85:                                         PUTS #VT100_PREFIX
   86:                                 #IF \# >= 1     
   87:                                         ITOA \1,#VT100_ATTRIBUTE_STRING
   88:                                         PUTS #VT100_ATTRIBUTE_STRING
   89:                                 #ENDIF
   90:                                         PUTC #'B'
   91:                                 #IF \# >= 2
   92:                                 #MSG "MACRO VT100_DOWN REQUIRES AT MOST 1 PARAMETER WHICH RESOLVE INTO THE NUMBERS OF ROWS TO MOVE"
   93:                                 #MSG "IF NO PARAMETER IS SPECIFIED, THE DEFAULT IS USED (TYPICALLY 1 ROW)"
   94:                                 #ENDIF
   95:                                         ENDM
   96:                                 
   97:                                 VT100_RIGHT MACRO ;COUNT
   98:                                         VT100_MAKE_VARIABLES
   99:                                         PUTS #VT100_PREFIX
  100:                                 #IF \# >= 1     
  101:                                         ITOA \1,#VT100_ATTRIBUTE_STRING
  102:                                         PUTS #VT100_ATTRIBUTE_STRING
  103:                                 #ENDIF
  104:                                         PUTC #'C'
  105:                                 #IF \# >= 2
  106:                                 #MSG "MACRO VT100_RIGHT REQUIRES AT MOST 1 PARAMETER WHICH RESOLVES INTO THE NUMBERS OF COLUMNS TO MOVE"
  107:                                 #MSG "IF NO PARAMETER IS SPECIFIED, THE DEFAULT IS USED (TYPICALLY 1 COLUMN)"
  108:                                 #ENDIF
  109:                                         ENDM
  110:                                 
  111:                                 VT100_LEFT MACRO ;COUNT
  112:                                         VT100_MAKE_VARIABLES
  113:                                         PUTS #VT100_PREFIX
  114:                                 #IF \# >= 1     
  115:                                         ITOA \1,#VT100_ATTRIBUTE_STRING
  116:                                         PUTS #VT100_ATTRIBUTE_STRING
  117:                                 #ENDIF
  118:                                         PUTC #'D'
  119:                                 #IF \# >= 2
  120:                                 #MSG "MACRO VT100_LEFT REQUIRES AT MOST 1 PARAMETER WHICH RESOLVES INTO THE NUMBERS OF COLUMNS TO MOVE"
  121:                                 #MSG "IF NO PARAMETER IS SPECIFIED, THE DEFAULT IS USED (TYPICALLY 1 COLUMN)"
  122:                                 #ENDIF
  123:                                         ENDM
  124:                                 
  125:          =00000000              VT100_DEFAULT   EQU 0
  126:          =00000001              VT100_BRIGHT    EQU 1
  127:          =00000002              VT100_DIM               EQU 2
  128:          =00000004              VT100_UNDERLINE EQU 4
  129:          =00000005              VT100_BLINK     EQU 5
  130:          =00000007              VT100_INVERT    EQU 7
  131:          =00000008              VT100_HIDDEN    EQU 8
  132:          =0000001E              VT100_FOREGROUND_PREFIX EQU 30
  133:          =00000028              VT100_BACKGROUND_PREFIX EQU 40
  134:          =00000000              VT100_BLACK     EQU 0
  135:          =00000001              VT100_RED               EQU 1
  136:          =00000002              VT100_GREEN     EQU 2
  137:          =00000003              VT100_YELLOW    EQU 3           ;YELLOW=RED+GREEN               
  138:          =00000004              VT100_BLUE              EQU 4
  139:          =00000005              VT100_MAGENTA   EQU 5           ;MAGENTA=BLUE+RED       
  140:          =00000006              VT100_CYAN              EQU 6           ;CYAN=BLUE+GREEN                
  141:          =00000007              VT100_WHITE     EQU 7           ;WHITE=BLUE+GREEN+RED   
  142:                                 
  143:                                 
  144:                                 VT100_TEXT_ATTRIBUTE MACRO ;PARAMETERS
  145:                                         VT100_MAKE_VARIABLES
  146:                                         PUTS #VT100_PREFIX
  147:                                 #IF \# = 0
  148:                                         ITOA #VT100_DEFAULT,#VT100_ATTRIBUTE_STRING
  149:                                         PUTS #VT100_ATTRIBUTE_STRING
  150:                                 #ENDIF
  151:                                 #IF \# >=1      
  152:                                         ITOA \1,#VT100_ATTRIBUTE_STRING
  153:                                         PUTS #VT100_ATTRIBUTE_STRING
  154:                                 #ENDIF
  155:                                 #IF \# >=2
  156:                                         PUTC #$3B       
  157:                                         ITOA \2,#VT100_ATTRIBUTE_STRING
  158:                                         PUTS #VT100_ATTRIBUTE_STRING
  159:                                 #ENDIF
  160:                                 #IF \# >=3
  161:                                         PUTC #$3B       
  162:                                         ITOA \3,#VT100_ATTRIBUTE_STRING
  163:                                         PUTS #VT100_ATTRIBUTE_STRING
  164:                                 #ENDIF
  165:                                 #IF \# >=4
  166:                                         PUTC #$3B       
  167:                                         ITOA \4,#VT100_ATTRIBUTE_STRING
  168:                                         PUTS #VT100_ATTRIBUTE_STRING
  169:                                 #ENDIF
  170:                                 #IF \# >=5
  171:                                         PUTC #$3B       
  172:                                         ITOA \5,#VT100_ATTRIBUTE_STRING
  173:                                         PUTS #VT100_ATTRIBUTE_STRING
  174:                                 #ENDIF
  175:                                 #IF \# >=6
  176:                                         PUTC #$3B       
  177:                                         ITOA \6,#VT100_ATTRIBUTE_STRING
  178:                                         PUTS #VT100_ATTRIBUTE_STRING
  179:                                 #ENDIF
  180:                                 #IF \# >=7
  181:                                         PUTC #$3B       
  182:                                         ITOA \7,#VT100_ATTRIBUTE_STRING
  183:                                         PUTS #VT100_ATTRIBUTE_STRING
  184:                                 #ENDIF
  185:                                         PUTC #'m'
  186:                                 #IF \# =0 | \# > 7
  187:                                 #MSG "MACRO VT100_TEXT_ATTRIBUTE REQUIRES UP TO 7 PARAMETERS WHICH RESOLVE INTO VT100 TEXT ATTRIBUTES"
  188:                                 #MSG "EXAMPLE ATTRIBUTES ARE VT100_BRIGHT, VT100_UNDERLINE, AND VT100_BLINK"
  189:                                 #MSG "EXAMPLE TO SET BACKGROUND COLOR USE: VT100_TEXT_ATTRIBUTE #(VT100_BACKGROUND_PREFIX+VT100_RED)"
  190:                                 #MSG "EXAMPLE TO SET FOREGROUND COLOR USE: VT100_TEXT_ATTRIBUTE #(VT100_FOREGROUND_PREFIX+VT100_GREEN)"
  191:                                 #MSG "VT100_DEFAULT REMOVES ALL OTHER ATTRIBUTES, INCLUDING TEXT COLOR"
  192:                                 #MSG "MORE THAN 7 PARAMETERS AT A TIME IS DISALLOWED"
  193:                                 #MSG "PROVIDING 0 PARAMETERS IS EQUIVALENT TO SETTING VT100_DEFAULT"
  194:                                 #ENDIF
  195:                                         ENDM
  196:                                 
  197:                                 
  198:                                 
  199:                                 
  200:                                 
  201:                                 
  202:                                 
  203:                                 ;THE FOLLOWING LINE RESTORES LISTING FOR CODE OUTSIDE OF THIS LIBRARY
  205:                                 
  206:                                 #ENDIF  
   14:                                 
   15:                                 ;COMMENT OUT THE FOLLOWING LINE TO INCLUDE THE FULL FILE IN THE LISTING
    2:                                 
    3:          =00001000                      ORG $1000
    4:                                 
    5:     1000 0000                   VAR1 DC.W 0             ; Defines one word initialized to zero
    6:     1002 000A                   VAR2 DC.W 10            ; Defines one word initialized to ten
    7:     1004 +0002                  VAR3 DS.W 1             ; Defines one word uninitialized
    8:     1006 +0064                  ARRAY DS.B 100          ; Defines 100 bytes uninitialized
    9:                                 
   10:          =00002000                      ORG $2000
   11:                                 
   12:     2000                        MAIN:
   13:     2000 CE 0000                        LDX #0          ; index x=0
   14:     2003 86 01                          LDAA #1         ; accumulator a=1
   15:     2005 FD 1002                        LDY VAR2        ; index y = var2
   16:                                 
   17:     2008                        LOOP1:
   18:     2008 6A E2 1006                     STAA ARRAY,X    ; store value from a into memloc array+x
   19:     200C 08                             INX             ;
   20:     200D 8B 03                          ADDA #3         ; a = a + 3
   21:     200F 04 36 F6                       DBNE Y, LOOP1   ; y = y - 1; repeat loop if y!=0
   22:                                 
   23:     2012 1803 ABCD 1004                 MOVW #$ABCD,VAR3;
   24:                                 
   25:     2018 3D                             RTS

Symbols:
array                           *00001006
atd0stat                        *00000086
atd1stat                        *00000126
bit0                            *00000001
bit1                            *00000002
bit10                           *00000400
bit11                           *00000800
bit12                           *00001000
bit2                            *00000004
bit3                            *00000008
bit4                            *00000010
bit5                            *00000020
bit6                            *00000040
bit7                            *00000080
bit8                            *00000100
bit9                            *00000200
c128                            *00000006
c32                             *00000005
dataend                         *00001ffe
datastart                       *00001000
dbug12                          *00000001
dg256                           *00000002
dj256                           *00000004
dp256                           *00000001
dragon12                        *00000001
dragon12plus                    *00000002
dragonfly12                     *00000009
dragonfly12plus                 *0000000a
dragonflybot                    *0000000b
dt256                           *00000003
eighth                          *000000c0
false                           *00000000
half                            *00000300
loop1                           *00002008
memsiz0                         *0000001c
microdragon                     *00000007
minidragon                      *00000003
minidragonplus                  *00000004
nanocore12                      *0000000c
nanocore12dx                    *0000000d
nanocore12max                   *0000000e
octave1_ab                      *0000967d
octave1_b                       *0000fd18
octave1_c                       *0000eee4
octave1_d                       *0000d4d3
octave1_db                      *0000e17b
octave1_e                       *0000bd9b
octave1_eb                      *0000c8e1
octave1_f                       *0000b2f7
octave1_g                       *00009f70
octave1_gb                      *0000a8eb
octave2_a                       *00008e0b
octave2_ab                      *00004b3e
octave2_b                       *00007e8c
octave2_bb                      *00008612
octave2_c                       *00007772
octave2_d                       *00006a69
octave2_db                      *000070bd
octave2_e                       *00005ecd
octave2_eb                      *00006470
octave2_f                       *0000597b
octave2_g                       *00004fb8
octave2_gb                      *00005475
octave3_a                       *00004705
octave3_ab                      *0000259f
octave3_b                       *00003f46
octave3_bb                      *00004309
octave3_c                       *00003bb9
octave3_d                       *00003534
octave3_db                      *0000385e
octave3_e                       *00002f66
octave3_eb                      *00003238
octave3_f                       *00002cbd
octave3_g                       *000027dc
octave3_gb                      *00002a3a
octave4_a                       *00002382
octave4_ab                      *000012cf
octave4_b                       *00001fa3
octave4_bb                      *00002184
octave4_c                       *00001ddc
octave4_d                       *00001a9a
octave4_db                      *00001c2f
octave4_e                       *000017b3
octave4_eb                      *0000191c
octave4_f                       *0000165e
octave4_g                       *000013ee
octave4_gb                      *0000151d
octave5_a                       *000011c1
octave5_ab                      *00000967
octave5_b                       *00000fd1
octave5_bb                      *000010c2
octave5_c                       *00000eee
octave5_d                       *00000d4d
octave5_db                      *00000e17
octave5_e                       *00000bd9
octave5_eb                      *00000c8e
octave5_f                       *00000b2f
octave5_g                       *000009f7
octave5_gb                      *00000a8e
octave6_a                       *000008e0
octave6_ab                      *000004b3
octave6_b                       *000007e8
octave6_bb                      *00000861
octave6_c                       *00000777
octave6_d                       *000006a6
octave6_db                      *0000070b
octave6_e                       *000005ec
octave6_eb                      *00000647
octave6_f                       *00000597
octave6_g                       *000004fb
octave6_gb                      *00000547
octave7_a                       *00000470
octave7_ab                      *00000259
octave7_b                       *000003f4
octave7_bb                      *00000430
octave7_c                       *000003bb
octave7_d                       *00000353
octave7_db                      *00000385
octave7_e                       *000002f6
octave7_eb                      *00000323
octave7_f                       *000002cb
octave7_g                       *0000027d
octave7_gb                      *000002a3
octave8_a                       *00000238
octave8_ab                      *0000012c
octave8_b                       *000001fa
octave8_bb                      *00000218
octave8_c                       *000001dd
octave8_d                       *000001a9
octave8_db                      *000001c2
octave8_e                       *0000017b
octave8_eb                      *00000191
octave8_f                       *00000165
octave8_g                       *0000013e
octave8_gb                      *00000151
octave9_a                       *0000011c
pacn1                           *00000064
pacn3                           *00000062
partidh                         *0000001a
porta                           *00000000
portb                           *00000001
porte                           *00000008
portk                           *00000032
quarter                         *00000180
regbase                         *00000000
sc0bdh                          *000000c8
sci0bdh                         *000000c8
sci0cr1                         *000000ca
sci0drh                         *000000ce
sci0sr1                         *000000cc
sci1bdh                         *000000d0
sci1cr1                         *000000d2
sci1drh                         *000000d6
sci1sr1                         *000000d4
serialmonitor                   *00000002
serialmonitorx                  *00000003
sixteenth                       *00000060
spider12                        *00000005
system_board                    *00000002
system_cpu                      *00000002
system_os                       *00000001
thirtysecond                    *00000030
thunderbird12                   *00000006
tinydragon                      *00000008
tmsk1                           *0000004c
tmsk2                           *0000004d
true                            *00000001
tscr                            *00000046
ubug12                          *00000002
ubug12x                         *00000003
var2                            *00001002
var3                            *00001004
vectortable                     *00003e00
whole                           *00000600

